<?xml version="1.0" encoding="UTF-8"?>
<testsuite xmlns:xsi="http://www.w3.org/2001/XMLSchema-instance" xsi:noNamespaceSchemaLocation="https://maven.apache.org/surefire/maven-surefire-plugin/xsd/surefire-test-report-3.0.xsd" version="3.0" name="com.schemesathi.SchemeSathiApplicationTests" time="2.499" tests="3" errors="0" skipped="0" failures="0">
  <properties>
[...]
</properties>
  <testcase name="testRuleBasedFallbackRecommendation" classname="com.schemesathi.SchemeSathiApplicationTests" time="0.122">
    <system-out><![CDATA[2026-08-30T22:29:51.521+05:30  INFO 13880 --- [schemesathi-backend] [           main] t.c.s.AnnotationConfigContextLoaderUtils : Could not detect default configuration classes for test class [com.schemesathi.SchemeSathiApplicationTests]: SchemeSathiApplicationTests does not declare any static, non-private, non-final, nested classes annotated with @Configuration.
2026-08-30T22:29:51.549+05:30  INFO 13880 --- [schemesathi-backend] [           main] .b.t.c.SpringBootTestContextBootstrapper : Found @SpringBootConfiguration com.schemesathi.SchemeSathiApplication for test class com.schemesathi.SchemeSathiApplicationTests

  .   ____          _            __ _ _
 /\\ / ___'_ __ _ _(_)_ __  __ _ \ \ \ \
( ( )\___ | '_ | '_| | '_ \/ _` | \ \ \ \
 \\/  ___)| |_)| | | | | || (_| |  ) ) ) )
  '  |____| .__|_| |_|_| |_\__, | / / / /
 =========|_|==============|___/=/_/_/_/

 :: Spring Boot ::                (v3.3.1)

2026-08-30T22:29:51.641+05:30  INFO 13880 --- [schemesathi-backend] [           main] c.s.SchemeSathiApplicationTests          : Starting SchemeSathiApplicationTests using Java 21.0.10 with PID 13880 (started by well in C:\Users\well\Documents\schemesathi-ai\backend)
2026-08-30T22:29:51.646+05:30  INFO 13880 --- [schemesathi-backend] [           main] c.s.SchemeSathiApplicationTests          : No active profile set, falling back to 1 default profile: "default"
2026-08-30T22:29:52.079+05:30  INFO 13880 --- [schemesathi-backend] [           main] .s.d.r.c.RepositoryConfigurationDelegate : Bootstrapping Spring Data JPA repositories in DEFAULT mode.
2026-08-30T22:29:52.131+05:30  INFO 13880 --- [schemesathi-backend] [           main] .s.d.r.c.RepositoryConfigurationDelegate : Finished Spring Data repository scanning in 52 ms. Found 11 JPA repository interfaces.
2026-08-30T22:29:52.329+05:30  INFO 13880 --- [schemesathi-backend] [           main] o.hibernate.jpa.internal.util.LogHelper  : HHH000204: Processing PersistenceUnitInfo [name: default]
2026-08-30T22:29:52.334+05:30  INFO 13880 --- [schemesathi-backend] [           main] o.h.c.internal.RegionFactoryInitiator    : HHH000026: Second-level cache disabled
2026-08-30T22:29:52.353+05:30  INFO 13880 --- [schemesathi-backend] [           main] o.s.o.j.p.SpringPersistenceUnitInfo      : No LoadTimeWeaver setup: ignoring JPA class transformer
2026-08-30T22:29:52.354+05:30  INFO 13880 --- [schemesathi-backend] [           main] com.zaxxer.hikari.HikariDataSource       : HikariPool-2 - Starting...
2026-08-30T22:29:52.356+05:30  INFO 13880 --- [schemesathi-backend] [           main] com.zaxxer.hikari.pool.HikariPool        : HikariPool-2 - Added connection conn10: url=jdbc:h2:mem:schemesathi user=SA
2026-08-30T22:29:52.356+05:30  INFO 13880 --- [schemesathi-backend] [           main] com.zaxxer.hikari.HikariDataSource       : HikariPool-2 - Start completed.
2026-08-30T22:29:52.799+05:30  INFO 13880 --- [schemesathi-backend] [           main] o.h.e.t.j.p.i.JtaPlatformInitiator       : HHH000489: No JTA platform available (set 'hibernate.transaction.jta.platform' to enable JTA platform integration)
Hibernate: 
    alter table if exists applications 
       alter column remarks set data type TEXT
Hibernate: 
    alter table if exists audit_logs 
       alter column details set data type TEXT
Hibernate: 
    alter table if exists categories 
       alter column description set data type TEXT
Hibernate: 
    alter table if exists chat_history 
       alter column message set data type TEXT
Hibernate: 
    alter table if exists chat_history 
       alter column response set data type TEXT
Hibernate: 
    alter table if exists documents 
       alter column extracted_data set data type TEXT
Hibernate: 
    alter table if exists notifications 
       alter column message set data type TEXT
Hibernate: 
    alter table if exists schemes 
       alter column application_process set data type TEXT
Hibernate: 
    alter table if exists schemes 
       alter column benefits set data type TEXT
Hibernate: 
    alter table if exists schemes 
       alter column categories_tag set data type TEXT
Hibernate: 
    alter table if exists schemes 
       alter column description set data type TEXT
Hibernate: 
    alter table if exists schemes 
       alter column eligibility set data type TEXT
Hibernate: 
    alter table if exists schemes 
       alter column required_documents set data type TEXT
Hibernate: 
    alter table if exists applications 
       drop constraint if exists UK75xpu6vudn2r6peaam772itbf
Hibernate: 
    alter table if exists applications 
       add constraint UK75xpu6vudn2r6peaam772itbf unique (user_id, scheme_id)
Hibernate: 
    alter table if exists districts 
       drop constraint if exists UK1fk2aa7higd0c7f4ib0e8caur
Hibernate: 
    alter table if exists districts 
       add constraint UK1fk2aa7higd0c7f4ib0e8caur unique (name, state_id)
2026-08-30T22:29:52.850+05:30  INFO 13880 --- [schemesathi-backend] [           main] j.LocalContainerEntityManagerFactoryBean : Initialized JPA EntityManagerFactory for persistence unit 'default'
2026-08-30T22:29:53.123+05:30  INFO 13880 --- [schemesathi-backend] [           main] r$InitializeUserDetailsManagerConfigurer : Global AuthenticationManager configured with UserDetailsService bean with name userDetailsServiceImpl
2026-08-30T22:29:53.383+05:30  WARN 13880 --- [schemesathi-backend] [           main] JpaBaseConfiguration$JpaWebConfiguration : spring.jpa.open-in-view is enabled by default. Therefore, database queries may be performed during view rendering. Explicitly configure spring.jpa.open-in-view to disable this warning
2026-08-30T22:29:53.771+05:30  INFO 13880 --- [schemesathi-backend] [           main] o.s.b.a.h2.H2ConsoleAutoConfiguration    : H2 console available at '/h2-console'. Database available at 'jdbc:h2:mem:schemesathi'
2026-08-30T22:29:53.867+05:30  INFO 13880 --- [schemesathi-backend] [           main] c.s.SchemeSathiApplicationTests          : Started SchemeSathiApplicationTests in 2.307 seconds (process running for 25.778)
]]></system-out>
  </testcase>
  <testcase name="contextLoads" classname="com.schemesathi.SchemeSathiApplicationTests" time="0.007"/>
  <testcase name="testFallbackChatbotResponse" classname="com.schemesathi.SchemeSathiApplicationTests" time="0.015"/>
</testsuite>