<?xml version="1.0" encoding="UTF-8"?>
<testsuite xmlns:xsi="http://www.w3.org/2001/XMLSchema-instance" xsi:noNamespaceSchemaLocation="https://maven.apache.org/surefire/maven-surefire-plugin/xsd/surefire-test-report-3.0.xsd" version="3.0" name="com.schemesathi.controller.AuthControllerTest" time="21.824" tests="1" errors="0" skipped="0" failures="0">
  <properties>
[...]
</properties>
  <testcase name="testUserRegisterAndLoginFlow" classname="com.schemesathi.controller.AuthControllerTest" time="3.007">
    <system-out><![CDATA[Standard Commons Logging discovery in action with spring-jcl: please remove commons-logging.jar from classpath in order to avoid potential conflicts
22:29:30.221 [main] INFO org.springframework.test.context.support.AnnotationConfigContextLoaderUtils -- Could not detect default configuration classes for test class [com.schemesathi.controller.AuthControllerTest]: AuthControllerTest does not declare any static, non-private, non-final, nested classes annotated with @Configuration.
22:29:30.517 [main] INFO org.springframework.boot.test.context.SpringBootTestContextBootstrapper -- Found @SpringBootConfiguration com.schemesathi.SchemeSathiApplication for test class com.schemesathi.controller.AuthControllerTest

  .   ____          _            __ _ _
 /\\ / ___'_ __ _ _(_)_ __  __ _ \ \ \ \
( ( )\___ | '_ | '_| | '_ \/ _` | \ \ \ \
 \\/  ___)| |_)| | | | | || (_| |  ) ) ) )
  '  |____| .__|_| |_|_| |_\__, | / / / /
 =========|_|==============|___/=/_/_/_/

 :: Spring Boot ::                (v3.3.1)

2026-08-30T22:29:32.024+05:30  INFO 13880 --- [schemesathi-backend] [           main] c.s.controller.AuthControllerTest        : Starting AuthControllerTest using Java 21.0.10 with PID 13880 (started by well in C:\Users\well\Documents\schemesathi-ai\backend)
2026-08-30T22:29:32.029+05:30  INFO 13880 --- [schemesathi-backend] [           main] c.s.controller.AuthControllerTest        : No active profile set, falling back to 1 default profile: "default"
2026-08-30T22:29:34.540+05:30  INFO 13880 --- [schemesathi-backend] [           main] .s.d.r.c.RepositoryConfigurationDelegate : Bootstrapping Spring Data JPA repositories in DEFAULT mode.
2026-08-30T22:29:35.404+05:30  INFO 13880 --- [schemesathi-backend] [           main] .s.d.r.c.RepositoryConfigurationDelegate : Finished Spring Data repository scanning in 842 ms. Found 11 JPA repository interfaces.
2026-08-30T22:29:37.197+05:30  INFO 13880 --- [schemesathi-backend] [           main] o.hibernate.jpa.internal.util.LogHelper  : HHH000204: Processing PersistenceUnitInfo [name: default]
2026-08-30T22:29:37.365+05:30  INFO 13880 --- [schemesathi-backend] [           main] org.hibernate.Version                    : HHH000412: Hibernate ORM core version 6.5.2.Final
2026-08-30T22:29:37.477+05:30  INFO 13880 --- [schemesathi-backend] [           main] o.h.c.internal.RegionFactoryInitiator    : HHH000026: Second-level cache disabled
2026-08-30T22:29:38.332+05:30  INFO 13880 --- [schemesathi-backend] [           main] o.s.o.j.p.SpringPersistenceUnitInfo      : No LoadTimeWeaver setup: ignoring JPA class transformer
2026-08-30T22:29:38.435+05:30  INFO 13880 --- [schemesathi-backend] [           main] com.zaxxer.hikari.HikariDataSource       : HikariPool-1 - Starting...
2026-08-30T22:29:38.886+05:30  INFO 13880 --- [schemesathi-backend] [           main] com.zaxxer.hikari.pool.HikariPool        : HikariPool-1 - Added connection conn0: url=jdbc:h2:mem:schemesathi user=SA
2026-08-30T22:29:38.889+05:30  INFO 13880 --- [schemesathi-backend] [           main] com.zaxxer.hikari.HikariDataSource       : HikariPool-1 - Start completed.
2026-08-30T22:29:42.683+05:30  INFO 13880 --- [schemesathi-backend] [           main] o.h.e.t.j.p.i.JtaPlatformInitiator       : HHH000489: No JTA platform available (set 'hibernate.transaction.jta.platform' to enable JTA platform integration)
Hibernate: 
    create table applications (
        id bigint generated by default as identity,
        applied_date timestamp(6),
        last_updated timestamp(6),
        reference_number varchar(100),
        remarks TEXT,
        status varchar(50) not null,
        scheme_id bigint not null,
        user_id bigint not null,
        primary key (id)
    )
Hibernate: 
    create table audit_logs (
        id bigint generated by default as identity,
        action varchar(100) not null,
        details TEXT,
        timestamp timestamp(6),
        user_id bigint,
        primary key (id)
    )
Hibernate: 
    create table categories (
        id integer generated by default as identity,
        description TEXT,
        icon varchar(50),
        name varchar(100) not null,
        primary key (id)
    )
Hibernate: 
    create table chat_history (
        id bigint generated by default as identity,
        created_at timestamp(6),
        language varchar(10),
        message TEXT not null,
        response TEXT not null,
        user_id bigint not null,
        primary key (id)
    )
Hibernate: 
    create table districts (
        id integer generated by default as identity,
        name varchar(100) not null,
        state_id integer not null,
        primary key (id)
    )
Hibernate: 
    create table documents (
        id bigint generated by default as identity,
        extracted_data TEXT,
        file_path varchar(255) not null,
        name varchar(100) not null,
        upload_status varchar(50) not null,
        uploaded_at timestamp(6),
        user_id bigint not null,
        primary key (id)
    )
Hibernate: 
    create table notifications (
        id bigint generated by default as identity,
        created_at timestamp(6),
        is_read boolean,
        message TEXT not null,
        title varchar(150) not null,
        user_id bigint not null,
        primary key (id)
    )
Hibernate: 
    create table roles (
        id integer generated by default as identity,
        name varchar(50) not null,
        primary key (id)
    )
Hibernate: 
    create table schemes (
        id bigint generated by default as identity,
        age_max integer,
        age_min integer,
        application_mode varchar(50),
        application_process TEXT,
        benefits TEXT not null,
        categories_tag TEXT,
        created_at timestamp(6),
        deadline date,
        description TEXT not null,
        eligibility TEXT not null,
        gender_restriction varchar(20),
        helpline varchar(255),
        income_limit float(53),
        is_central boolean not null,
        name varchar(255) not null,
        occupation_restriction varchar(100),
        official_website varchar(255),
        required_documents TEXT,
        status varchar(50),
        category_id integer not null,
        district_id integer,
        state_id integer,
        primary key (id)
    )
Hibernate: 
    create table states (
        id integer generated by default as identity,
        name varchar(100) not null,
        primary key (id)
    )
Hibernate: 
    create table user_roles (
        user_id bigint not null,
        role_id integer not null,
        primary key (user_id, role_id)
    )
Hibernate: 
    create table users (
        id bigint generated by default as identity,
        aadhaar_masked varchar(20),
        age integer,
        annual_income float(53),
        category varchar(255),
        children_count integer,
        created_at timestamp(6),
        disability_percentage float(53),
        education varchar(255),
        email varchar(100) not null,
        enabled boolean,
        full_name varchar(100) not null,
        gender varchar(255),
        has_disability boolean,
        is_business_owner boolean,
        is_farmer boolean,
        is_pregnant boolean,
        is_senior_citizen boolean,
        is_student boolean,
        is_veteran boolean,
        is_widow boolean,
        marital_status varchar(255),
        mobile_number varchar(15),
        occupation varchar(255),
        password varchar(255) not null,
        preferred_language varchar(10),
        profile_picture_url varchar(255),
        rural_urban varchar(20),
        updated_at timestamp(6),
        district_id integer,
        state_id integer,
        primary key (id)
    )
Hibernate: 
    alter table if exists applications 
       drop constraint if exists UK75xpu6vudn2r6peaam772itbf
Hibernate: 
    alter table if exists applications 
       add constraint UK75xpu6vudn2r6peaam772itbf unique (user_id, scheme_id)
Hibernate: 
    alter table if exists categories 
       drop constraint if exists UKt8o6pivur7nn124jehx7cygw5
Hibernate: 
    alter table if exists categories 
       add constraint UKt8o6pivur7nn124jehx7cygw5 unique (name)
Hibernate: 
    alter table if exists districts 
       drop constraint if exists UK1fk2aa7higd0c7f4ib0e8caur
Hibernate: 
    alter table if exists districts 
       add constraint UK1fk2aa7higd0c7f4ib0e8caur unique (name, state_id)
Hibernate: 
    alter table if exists roles 
       drop constraint if exists UKofx66keruapi6vyqpv6f2or37
Hibernate: 
    alter table if exists roles 
       add constraint UKofx66keruapi6vyqpv6f2or37 unique (name)
Hibernate: 
    alter table if exists schemes 
       drop constraint if exists UKhj5it5rjwx7v2ediplpsmqfvv
Hibernate: 
    alter table if exists schemes 
       add constraint UKhj5it5rjwx7v2ediplpsmqfvv unique (name)
Hibernate: 
    alter table if exists states 
       drop constraint if exists UKnau09mwrvhjj0n0a6gfo5xmp3
Hibernate: 
    alter table if exists states 
       add constraint UKnau09mwrvhjj0n0a6gfo5xmp3 unique (name)
Hibernate: 
    alter table if exists users 
       drop constraint if exists UK6dotkott2kjsp8vw4d0m25fb7
Hibernate: 
    alter table if exists users 
       add constraint UK6dotkott2kjsp8vw4d0m25fb7 unique (email)
Hibernate: 
    alter table if exists applications 
       add constraint FK7qidtjm40i1tpkmmqp5lypnd 
       foreign key (scheme_id) 
       references schemes
Hibernate: 
    alter table if exists applications 
       add constraint FKfsfqljedcla632u568jl5qf3w 
       foreign key (user_id) 
       references users
Hibernate: 
    alter table if exists audit_logs 
       add constraint FKjs4iimve3y0xssbtve5ysyef0 
       foreign key (user_id) 
       references users
Hibernate: 
    alter table if exists chat_history 
       add constraint FKqw6yblcx0hqkn34q6jg03bj8 
       foreign key (user_id) 
       references users
Hibernate: 
    alter table if exists districts 
       add constraint FKsdoetomqk5jeac0q4wq8e591c 
       foreign key (state_id) 
       references states
Hibernate: 
    alter table if exists documents 
       add constraint FKkxttj4tp5le2uth212lu49vny 
       foreign key (user_id) 
       references users
Hibernate: 
    alter table if exists notifications 
       add constraint FK9y21adhxn0ayjhfocscqox7bh 
       foreign key (user_id) 
       references users
Hibernate: 
    alter table if exists schemes 
       add constraint FKsrgwl30d9qhwww39rx2sx629i 
       foreign key (category_id) 
       references categories
Hibernate: 
    alter table if exists schemes 
       add constraint FKea2ymctxlokoma6e24t0fs16i 
       foreign key (district_id) 
       references districts
Hibernate: 
    alter table if exists schemes 
       add constraint FKqsk7gsaa5lqaa0driawlq6m24 
       foreign key (state_id) 
       references states
Hibernate: 
    alter table if exists user_roles 
       add constraint FKh8ciramu9cc9q3qcqiv4ue8a6 
       foreign key (role_id) 
       references roles
Hibernate: 
    alter table if exists user_roles 
       add constraint FKhfh9dx7w3ubf1co1vdev94g3f 
       foreign key (user_id) 
       references users
Hibernate: 
    alter table if exists users 
       add constraint FKj30hhy45scxdgcj0usq90504r 
       foreign key (district_id) 
       references districts
Hibernate: 
    alter table if exists users 
       add constraint FK62cft3m218w8tv7yf72w47nua 
       foreign key (state_id) 
       references states
2026-08-30T22:29:42.902+05:30  INFO 13880 --- [schemesathi-backend] [           main] j.LocalContainerEntityManagerFactoryBean : Initialized JPA EntityManagerFactory for persistence unit 'default'
2026-08-30T22:29:43.824+05:30  INFO 13880 --- [schemesathi-backend] [           main] o.s.d.j.r.query.QueryEnhancerFactory     : Hibernate is in classpath; If applicable, HQL parser will be used.
2026-08-30T22:29:45.089+05:30  INFO 13880 --- [schemesathi-backend] [           main] r$InitializeUserDetailsManagerConfigurer : Global AuthenticationManager configured with UserDetailsService bean with name userDetailsServiceImpl
2026-08-30T22:29:46.582+05:30  WARN 13880 --- [schemesathi-backend] [           main] JpaBaseConfiguration$JpaWebConfiguration : spring.jpa.open-in-view is enabled by default. Therefore, database queries may be performed during view rendering. Explicitly configure spring.jpa.open-in-view to disable this warning
2026-08-30T22:29:48.048+05:30  INFO 13880 --- [schemesathi-backend] [           main] o.s.b.a.h2.H2ConsoleAutoConfiguration    : H2 console available at '/h2-console'. Database available at 'jdbc:h2:mem:schemesathi'
2026-08-30T22:29:48.395+05:30  INFO 13880 --- [schemesathi-backend] [           main] o.s.b.t.m.w.SpringBootMockServletContext : Initializing Spring TestDispatcherServlet ''
2026-08-30T22:29:48.396+05:30  INFO 13880 --- [schemesathi-backend] [           main] o.s.t.web.servlet.TestDispatcherServlet  : Initializing Servlet ''
2026-08-30T22:29:48.398+05:30  INFO 13880 --- [schemesathi-backend] [           main] o.s.t.web.servlet.TestDispatcherServlet  : Completed initialization in 2 ms
2026-08-30T22:29:48.457+05:30  INFO 13880 --- [schemesathi-backend] [           main] c.s.controller.AuthControllerTest        : Started AuthControllerTest in 17.54 seconds (process running for 20.369)
Hibernate: 
    select
        u1_0.id 
    from
        users u1_0 
    where
        upper(u1_0.email)=upper(?) 
    fetch
        first ? rows only
Hibernate: 
    select
        u1_0.id 
    from
        users u1_0 
    where
        u1_0.email=? 
    fetch
        first ? rows only
Hibernate: 
    select
        r1_0.id,
        r1_0.name 
    from
        roles r1_0 
    where
        r1_0.name=?
Hibernate: 
    insert 
    into
        roles
        (name, id) 
    values
        (?, default)
Hibernate: 
    insert 
    into
        users
        (aadhaar_masked, age, annual_income, category, children_count, created_at, disability_percentage, district_id, education, email, enabled, full_name, gender, has_disability, is_business_owner, is_farmer, is_pregnant, is_senior_citizen, is_student, is_veteran, is_widow, marital_status, mobile_number, occupation, password, preferred_language, profile_picture_url, rural_urban, state_id, updated_at, id) 
    values
        (?, ?, ?, ?, ?, ?, ?, ?, ?, ?, ?, ?, ?, ?, ?, ?, ?, ?, ?, ?, ?, ?, ?, ?, ?, ?, ?, ?, ?, ?, default)
Hibernate: 
    insert 
    into
        user_roles
        (user_id, role_id) 
    values
        (?, ?)
Hibernate: 
    select
        u1_0.id,
        u1_0.aadhaar_masked,
        u1_0.age,
        u1_0.annual_income,
        u1_0.category,
        u1_0.children_count,
        u1_0.created_at,
        u1_0.disability_percentage,
        u1_0.district_id,
        u1_0.education,
        u1_0.email,
        u1_0.enabled,
        u1_0.full_name,
        u1_0.gender,
        u1_0.has_disability,
        u1_0.is_business_owner,
        u1_0.is_farmer,
        u1_0.is_pregnant,
        u1_0.is_senior_citizen,
        u1_0.is_student,
        u1_0.is_veteran,
        u1_0.is_widow,
        u1_0.marital_status,
        u1_0.mobile_number,
        u1_0.occupation,
        u1_0.password,
        u1_0.preferred_language,
        u1_0.profile_picture_url,
        u1_0.rural_urban,
        u1_0.state_id,
        u1_0.updated_at 
    from
        users u1_0 
    where
        upper(u1_0.email)=upper(?)
Hibernate: 
    select
        r1_0.user_id,
        r1_1.id,
        r1_1.name 
    from
        user_roles r1_0 
    join
        roles r1_1 
            on r1_1.id=r1_0.role_id 
    where
        r1_0.user_id=?
Hibernate: 
    select
        u1_0.id,
        u1_0.aadhaar_masked,
        u1_0.age,
        u1_0.annual_income,
        u1_0.category,
        u1_0.children_count,
        u1_0.created_at,
        u1_0.disability_percentage,
        u1_0.district_id,
        u1_0.education,
        u1_0.email,
        u1_0.enabled,
        u1_0.full_name,
        u1_0.gender,
        u1_0.has_disability,
        u1_0.is_business_owner,
        u1_0.is_farmer,
        u1_0.is_pregnant,
        u1_0.is_senior_citizen,
        u1_0.is_student,
        u1_0.is_veteran,
        u1_0.is_widow,
        u1_0.marital_status,
        u1_0.mobile_number,
        u1_0.occupation,
        u1_0.password,
        u1_0.preferred_language,
        u1_0.profile_picture_url,
        u1_0.rural_urban,
        u1_0.state_id,
        u1_0.updated_at 
    from
        users u1_0 
    where
        upper(u1_0.email)=upper(?)
]]></system-out>
    <system-err><![CDATA[WARNING: A Java agent has been loaded dynamically (C:\Users\well\.m2\repository\net\bytebuddy\byte-buddy-agent\1.14.17\byte-buddy-agent-1.14.17.jar)
WARNING: If a serviceability tool is in use, please run with -XX:+EnableDynamicAgentLoading to hide this warning
WARNING: If a serviceability tool is not in use, please run with -Djdk.instrument.traceUsage for more information
WARNING: Dynamic loading of agents will be disallowed by default in a future release
]]></system-err>
  </testcase>
</testsuite>